<?xml version="1.0" encoding="UTF-8"?>
<!-- Generated by org.testng.reporters.JUnitReportReporter -->
<testsuite hostname="Varam-98765" failures="0" tests="3" name="DynamicJson" time="3.869" errors="0" timestamp="2024-12-26T12:51:57 IST" skipped="0">
  <testcase classname="DynamicJson" name="addBook" time="0.155"/>
  <testcase classname="DynamicJson" name="addBook" time="3.533"/>
  <testcase classname="DynamicJson" name="addBook" time="0.181"/>
</testsuite> <!-- DynamicJson -->
