<?xml version="1.0" encoding="UTF-8"?>
<!-- Generated by org.testng.reporters.JUnitReportReporter -->
<testsuite hostname="Varam-98765" failures="0" tests="1" name="SumOfCourses" time="1.736" errors="0" timestamp="2024-12-22T13:12:35 IST" skipped="0">
  <testcase classname="SumOfCourses" name="sumOfCourses" time="1.736"/>
</testsuite> <!-- SumOfCourses -->
